#
# There is insufficient memory for the Java Runtime Environment to continue.
# Native memory allocation (mmap) failed to map 268435456 bytes for Failed to commit area from 0x0000000701e00000 to 0x0000000711e00000 of length 268435456.
# Possible reasons:
#   The system is out of physical RAM or swap space
#   The process is running with CompressedOops enabled, and the Java Heap may be blocking the growth of the native heap
# Possible solutions:
#   Reduce memory load on the system
#   Increase physical memory or swap space
#   Check if swap backing store is full
#   Decrease Java heap size (-Xmx/-Xms)
#   Decrease number of Java threads
#   Decrease Java thread stack sizes (-Xss)
#   Set larger code cache with -XX:ReservedCodeCacheSize=
# This output file may be truncated or incomplete.
#
#  Out of Memory Error (./open/src/hotspot/os/windows/os_windows.cpp:3273), pid=38972, tid=45960
#
# JRE version:  (11.0.12+8) (build )
# Java VM: Java HotSpot(TM) 64-Bit Server VM (11.0.12+8-LTS-237, mixed mode, sharing, tiered, compressed oops, g1 gc, windows-amd64)
# No core dump will be written. Minidumps are not enabled by default on client versions of Windows
#

---------------  S U M M A R Y ------------

Command Line: -ea -Didea.test.cyclic.buffer.size=1048576 -javaagent:D:\IntelliJ IDEA 2021.2.2\lib\idea_rt.jar=14293:D:\IntelliJ IDEA 2021.2.2\bin -Dfile.encoding=UTF-8 com.intellij.rt.junit.JUnitStarter -ideVersion5 -junit5 com.zzmax.boot.model.EmployeeTest,valueBind

Host: Intel(R) Core(TM) i5-8300H CPU @ 2.30GHz, 8 cores, 15G,  Windows 10 , 64 bit Build 22000 (10.0.22000.434)
Time: Mon Mar 14 15:58:20 2022 中国标准时间 elapsed time: 0.055490 seconds (0d 0h 0m 0s)

---------------  T H R E A D  ---------------

Current thread (0x000001e10bf46000):  JavaThread "Unknown thread" [_thread_in_vm, id=45960, stack(0x0000002044a00000,0x0000002044b00000)]

Stack: [0x0000002044a00000,0x0000002044b00000]
Native frames: (J=compiled Java code, j=interpreted, Vv=VM code, C=native code)
V  [jvm.dll+0x617d9a]
V  [jvm.dll+0x74eeef]
V  [jvm.dll+0x750599]
V  [jvm.dll+0x750c23]
V  [jvm.dll+0x2438d8]
V  [jvm.dll+0x61518a]
V  [jvm.dll+0x609f45]
V  [jvm.dll+0x2f85cc]
V  [jvm.dll+0x2f8452]
V  [jvm.dll+0x2fd106]
V  [jvm.dll+0x33f6ef]
V  [jvm.dll+0x33f120]
V  [jvm.dll+0x2d5ca8]
V  [jvm.dll+0x2d6e06]
V  [jvm.dll+0x72a977]
V  [jvm.dll+0x72c21f]
V  [jvm.dll+0x34c469]
V  [jvm.dll+0x710400]
V  [jvm.dll+0x3b5baf]
V  [jvm.dll+0x3b7cb1]
C  [jli.dll+0x520b]
C  [ucrtbase.dll+0x26c0c]
C  [KERNEL32.DLL+0x154e0]
C  [ntdll.dll+0x485b]


---------------  P R O C E S S  ---------------

Threads class SMR info:
_java_thread_list=0x000001e10be0a530, length=0, elements={
}

Java Threads: ( => current thread )

Other Threads:
  0x000001e10bf5c000 GCTaskThread "GC Thread#0" [stack: 0x0000002044b00000,0x0000002044c00000] [id=23412]
  0x000001e10bfb8000 ConcurrentGCThread "G1 Main Marker" [stack: 0x0000002044c00000,0x0000002044d00000] [id=47944]
  0x000001e10bfb9800 ConcurrentGCThread "G1 Conc#0" [stack: 0x0000002044d00000,0x0000002044e00000] [id=36128]

[error occurred during error reporting (printing all threads), id 0xc0000005, EXCEPTION_ACCESS_VIOLATION (0xc0000005) at pc=0x00007ff882c54f37]

VM state:not at safepoint (not fully initialized)

VM Mutex/Monitor currently owned by a thread:  ([mutex/lock_event])
[0x000001e10bf43770] Heap_lock - owner thread: 0x000001e10bf46000

Heap address: 0x0000000701e00000, size: 4066 MB, Compressed Oops mode: Non-zero based: 0x0000000701e00000
Narrow klass base: 0x0000000000000000, Narrow klass shift: 0

GC Heap History (0 events):
No events

Deoptimization events (0 events):
No events

Classes redefined (0 events):
No events

Internal exceptions (0 events):
No events

Events (0 events):
No events


Dynamic libraries:
0x00007ff692060000 - 0x00007ff69206f000 	D:\jdk-11.0.12\bin\java.exe
0x00007ff8c02e0000 - 0x00007ff8c04e9000 	C:\WINDOWS\SYSTEM32\ntdll.dll
0x00007ff8bf340000 - 0x00007ff8bf3fd000 	C:\WINDOWS\System32\KERNEL32.DLL
0x00007ff8bdaf0000 - 0x00007ff8bde64000 	C:\WINDOWS\System32\KERNELBASE.dll
0x00007ff8bd7d0000 - 0x00007ff8bd8e1000 	C:\WINDOWS\System32\ucrtbase.dll
0x00007ff8b9da0000 - 0x00007ff8b9db8000 	D:\jdk-11.0.12\bin\jli.dll
0x00007ff8b85d0000 - 0x00007ff8b85e5000 	D:\jdk-11.0.12\bin\VCRUNTIME140.dll
0x00007ff8bf0d0000 - 0x00007ff8bf17e000 	C:\WINDOWS\System32\ADVAPI32.dll
0x00007ff8be590000 - 0x00007ff8be633000 	C:\WINDOWS\System32\msvcrt.dll
0x00007ff8be9d0000 - 0x00007ff8bea6e000 	C:\WINDOWS\System32\sechost.dll
0x00007ff8bf8e0000 - 0x00007ff8bfa00000 	C:\WINDOWS\System32\RPCRT4.dll
0x00007ff8be790000 - 0x00007ff8be93c000 	C:\WINDOWS\System32\USER32.dll
0x00007ff8bda00000 - 0x00007ff8bda26000 	C:\WINDOWS\System32\win32u.dll
0x00007ff8bf310000 - 0x00007ff8bf339000 	C:\WINDOWS\System32\GDI32.dll
0x00007ff8bdfe0000 - 0x00007ff8be0f2000 	C:\WINDOWS\System32\gdi32full.dll
0x00007ff8a3e80000 - 0x00007ff8a4125000 	C:\WINDOWS\WinSxS\amd64_microsoft.windows.common-controls_6595b64144ccf1df_6.0.22000.120_none_9d947278b86cc467\COMCTL32.dll
0x00007ff8bd8f0000 - 0x00007ff8bd98d000 	C:\WINDOWS\System32\msvcp_win.dll
0x00007ff8b5ff0000 - 0x00007ff8b5ffa000 	C:\WINDOWS\SYSTEM32\VERSION.dll
0x00007ff8bf090000 - 0x00007ff8bf0c1000 	C:\WINDOWS\System32\IMM32.DLL
0x00007ff8a5730000 - 0x00007ff8a57cb000 	D:\jdk-11.0.12\bin\msvcp140.dll
0x00007ff882970000 - 0x00007ff88346f000 	D:\jdk-11.0.12\bin\server\jvm.dll
0x00007ff8be9c0000 - 0x00007ff8be9c8000 	C:\WINDOWS\System32\PSAPI.DLL
0x00007ff8b7b20000 - 0x00007ff8b7b29000 	C:\WINDOWS\SYSTEM32\WSOCK32.dll
0x00007ff8b9dc0000 - 0x00007ff8b9df3000 	C:\WINDOWS\SYSTEM32\WINMM.dll
0x00007ff8be180000 - 0x00007ff8be1ef000 	C:\WINDOWS\System32\WS2_32.dll
0x00007ff8bc8d0000 - 0x00007ff8bc8e8000 	C:\WINDOWS\SYSTEM32\kernel.appcore.dll
0x00007ff8b9d80000 - 0x00007ff8b9d90000 	D:\jdk-11.0.12\bin\verify.dll
0x00007ff8bb350000 - 0x00007ff8bb571000 	C:\WINDOWS\SYSTEM32\DBGHELP.DLL
0x00007ff8a8aa0000 - 0x00007ff8a8ad1000 	C:\WINDOWS\SYSTEM32\dbgcore.DLL
0x00007ff8be100000 - 0x00007ff8be17f000 	C:\WINDOWS\System32\bcryptPrimitives.dll
0x00007ff8b7c60000 - 0x00007ff8b7c88000 	D:\jdk-11.0.12\bin\java.dll
0x00007ff8b9d60000 - 0x00007ff8b9d6a000 	D:\jdk-11.0.12\bin\jimage.dll
0x00007ff8b8380000 - 0x00007ff8b838e000 	D:\jdk-11.0.12\bin\instrument.dll
0x00007ff8b7b50000 - 0x00007ff8b7b66000 	D:\jdk-11.0.12\bin\zip.dll

dbghelp: loaded successfully - version: 4.0.5 - missing functions: none
symbol engine: initialized successfully - sym options: 0x614 - pdb path: .;D:\jdk-11.0.12\bin;C:\WINDOWS\SYSTEM32;C:\WINDOWS\WinSxS\amd64_microsoft.windows.common-controls_6595b64144ccf1df_6.0.22000.120_none_9d947278b86cc467;D:\jdk-11.0.12\bin\server

VM Arguments:
jvm_args: -ea -Didea.test.cyclic.buffer.size=1048576 -javaagent:D:\IntelliJ IDEA 2021.2.2\lib\idea_rt.jar=14293:D:\IntelliJ IDEA 2021.2.2\bin -Dfile.encoding=UTF-8 
java_command: com.intellij.rt.junit.JUnitStarter -ideVersion5 -junit5 com.zzmax.boot.model.EmployeeTest,valueBind
java_class_path (initial): D:\tools\repository\org\junit\platform\junit-platform-launcher\1.8.2\junit-platform-launcher-1.8.2.jar;D:\IntelliJ IDEA 2021.2.2\lib\idea_rt.jar;D:\IntelliJ IDEA 2021.2.2\plugins\junit\lib\junit5-rt.jar;D:\IntelliJ IDEA 2021.2.2\plugins\junit\lib\junit-rt.jar;D:\workspace\web\springBootProject\boot-learning\boot-config\target\test-classes;D:\workspace\web\springBootProject\boot-learning\boot-config\target\classes;D:\tools\repository\org\springframework\boot\spring-boot-starter-web\2.6.4\spring-boot-starter-web-2.6.4.jar;D:\tools\repository\org\springframework\boot\spring-boot-starter\2.6.4\spring-boot-starter-2.6.4.jar;D:\tools\repository\org\springframework\boot\spring-boot-starter-logging\2.6.4\spring-boot-starter-logging-2.6.4.jar;D:\tools\repository\ch\qos\logback\logback-classic\1.2.10\logback-classic-1.2.10.jar;D:\tools\repository\ch\qos\logback\logback-core\1.2.10\logback-core-1.2.10.jar;D:\tools\repository\org\apache\logging\log4j\log4j-to-slf4j\2.17.1\log4j-to-slf4j-2.17.1.jar;D:\tools\repository\org\apache\logging\log4j\log4j-api\2.17.1\log4j-api-2.17.1.jar;D:\tools\repository\org\slf4j\jul-to-slf4j\1.7.36\jul-to-slf4j-1.7.36.jar;D:\tools\repository\jakarta\annotation\jakarta.annotation-api\1.3.5\jakarta.annotation-api-1.3.5.jar;D:\tools\repository\org\yaml\snakeyaml\1.29\snakeyaml-1.29.jar;D:\tools\repository\org\springframework\boot\spring-boot-starter-json\2.6.4\spring-boot-starter-json-2.6.4.jar;D:\tools\repository\com\fasterxml\jackson\core\jackson-databind\2.13.1\jackson-databind-2.13.1.jar;D:\tools\repository\com\fasterxml\jackson\core\jackson-annotations\2.13.1\jackson-annotations-2.13.1.jar;D:\tools\repository\com\fasterxml\jackson\core\jackson-core\2.13.1\jackson-core-2.13.1.jar;D:\tools\repository\com\fasterxml\jackson\datatype\jackson-datatype-jdk8\2.13.1\jackson-datatype-jdk8-2.13.1.jar;D:\tools\repository\com\fasterxml\jackson\datatype\jackson-datatype-jsr310\2.13.1\jackson-datatype-jsr310-2.13.1.jar;D:\tools\repo
Launcher Type: SUN_STANDARD

[Global flags]
     intx CICompilerCount                          = 4                                         {product} {ergonomic}
     uint ConcGCThreads                            = 2                                         {product} {ergonomic}
     uint G1ConcRefinementThreads                  = 8                                         {product} {ergonomic}
   size_t G1HeapRegionSize                         = 1048576                                   {product} {ergonomic}
    uintx GCDrainStackTargetSize                   = 64                                        {product} {ergonomic}
   size_t InitialHeapSize                          = 268435456                                 {product} {ergonomic}
   size_t MarkStackSize                            = 4194304                                   {product} {ergonomic}
   size_t MaxHeapSize                              = 4263510016                                {product} {ergonomic}
   size_t MinHeapDeltaBytes                        = 1048576                                   {product} {ergonomic}
    uintx NonNMethodCodeHeapSize                   = 5836300                                {pd product} {ergonomic}
    uintx NonProfiledCodeHeapSize                  = 122910970                              {pd product} {ergonomic}
    uintx ProfiledCodeHeapSize                     = 122910970                              {pd product} {ergonomic}
    uintx ReservedCodeCacheSize                    = 251658240                              {pd product} {ergonomic}
     bool SegmentedCodeCache                       = true                                      {product} {ergonomic}
     bool UseCompressedClassPointers               = true                                 {lp64_product} {ergonomic}
     bool UseCompressedOops                        = true                                 {lp64_product} {ergonomic}
     bool UseG1GC                                  = true                                      {product} {ergonomic}
     bool UseLargePagesIndividualAllocation        = false                                  {pd product} {ergonomic}

Logging:
Log output configuration:
 #0: stdout all=warning uptime,level,tags
 #1: stderr all=off uptime,level,tags

Environment Variables:
JAVA_HOME=D:\jdk-11.0.12
CLASSPATH=D:\jdk-11.0.12\lib\dt.jar;D:\jdk-11.0.12\lib\tools.jar
PATH=2;C:\Windows\system32;C:\Windows;C:\Windows\System32\Wbem;C:\Windows\System32\WindowsPowerShell\v1.0\;C:\Program Files (x86)\Intel\Intel(R) Management Engine Components\DAL;C:\Program Files\Intel\Intel(R) Management Engine Components\DAL;C:\Program Files (x86)\Intel\Intel(R) Management Engine Components\IPT;C:\Program Files\Intel\Intel(R) Management Engine Components\IPT;C:\Program Files (x86)\NVIDIA Corporation\PhysX\Common;C:\WINDOWS\system32;C:\WINDOWS;C:\WINDOWS\System32\Wbem;C:\WINDOWS\System32\WindowsPowerShell\v1.0\;C:\WINDOWS\System32\OpenSSH\;D:\jdk-11.0.12\bin;D:\jdk-11.0.12\jre\bin;D:\apache-maven-3.6.3\bin;C:\Program Files\MySQL\MySQL Server 8.0\bin;D:\tools\linux\xshell\;C:\ProgramData\chocolatey\bin;D:\tools\apache-tomcat-10.0.16\bin;D:\tools\apache-tomcat-10.0.16\lib;D:\Git\cmd;D:\tools\node-v16.14.0-win-x64;D:\tools\node-v16.14.0-win-x64\node_global;C:\Users\lmx\AppData\Local\Programs\Python\Python36\Scripts\;C:\Users\lmx\AppData\Local\Programs\Python\Python36\;C:\Program Files\MySQL\MySQL Server 8.0\bin;D:\ffmpeg\bin;;C:\Users\lmx\AppData\Local\Microsoft\WindowsApps;E:\Microsoft VS Code\bin;D:\IntelliJ IDEA 2021.2.2\bin;
USERNAME=lmx
OS=Windows_NT
PROCESSOR_IDENTIFIER=Intel64 Family 6 Model 158 Stepping 10, GenuineIntel



---------------  S Y S T E M  ---------------

OS: Windows 10 , 64 bit Build 22000 (10.0.22000.434)

CPU:total 8 (initial active 8) (4 cores per cpu, 2 threads per core) family 6 model 158 stepping 10 microcode 0xde, cmov, cx8, fxsr, mmx, sse, sse2, sse3, ssse3, sse4.1, sse4.2, popcnt, avx, avx2, aes, clmul, erms, 3dnowpref, lzcnt, ht, tsc, tscinvbit, bmi1, bmi2, adx, fma

Memory: 4k page, system-wide physical 16258M (2041M free)
TotalPageFile size 31352M (AvailPageFile size 203M)
current process WorkingSet (physical memory assigned to process): 10M, peak: 10M
current process commit charge ("private bytes"): 60M, peak: 316M

vm_info: Java HotSpot(TM) 64-Bit Server VM (11.0.12+8-LTS-237) for windows-amd64 JRE (11.0.12+8-LTS-237), built on Jun  8 2021 11:25:59 by "mach5one" with MS VC++ 15.9 (VS2017)

END.
